

[09-Jun-2026 02:55:25 Europe/Berlin] SESSION USER ID: NOT SET
[09-Jun-2026 02:56:07 Europe/Berlin] SESSION CONTENT:
[09-Jun-2026 02:56:07 Europe/Berlin] Array
(
    [user] => Array
        (
            [id] => 6
            [email] => holly.schu14@gmail.com
            [first_name] => Holly
            [last_name] => Schu
            [role] => admin
        )

)

[09-Jun-2026 02:56:08 Europe/Berlin] SESSION CONTENT:
[09-Jun-2026 02:56:08 Europe/Berlin] Array
(
    [user] => Array
        (
            [id] => 6
            [email] => holly.schu14@gmail.com
            [first_name] => Holly
            [last_name] => Schu
            [role] => admin
        )

)

[09-Jun-2026 02:56:15 Europe/Berlin] SESSION CONTENT:
[09-Jun-2026 02:56:15 Europe/Berlin] Array
(
    [user] => Array
        (
            [id] => 6
            [email] => holly.schu14@gmail.com
            [first_name] => Holly
            [last_name] => Schu
            [role] => admin
        )

)

[09-Jun-2026 02:56:17 Europe/Berlin] SESSION CONTENT:
[09-Jun-2026 02:56:17 Europe/Berlin] Array
(
    [user] => Array
        (
            [id] => 6
            [email] => holly.schu14@gmail.com
            [first_name] => Holly
            [last_name] => Schu
            [role] => admin
        )

)

[09-Jun-2026 02:56:19 Europe/Berlin] SESSION CONTENT:
[09-Jun-2026 02:56:19 Europe/Berlin] Array
(
    [user] => Array
        (
            [id] => 6
            [email] => holly.schu14@gmail.com
            [first_name] => Holly
            [last_name] => Schu
            [role] => admin
        )

)

[09-Jun-2026 02:56:20 Europe/Berlin] SESSION CONTENT:
[09-Jun-2026 02:56:20 Europe/Berlin] Array
(
    [user] => Array
        (
            [id] => 6
            [email] => holly.schu14@gmail.com
            [first_name] => Holly
            [last_name] => Schu
            [role] => admin
        )

)

[09-Jun-2026 03:00:31 Europe/Berlin] SESSION USER ID: NOT SET
[09-Jun-2026 03:00:33 Europe/Berlin] SESSION USER ID: NOT SET
[09-Jun-2026 03:00:46 Europe/Berlin] SESSION USER ID: NOT SET
[09-Jun-2026 14:01:41 Europe/Berlin] SESSION USER ID: NOT SET
[09-Jun-2026 14:16:11 Europe/Berlin] SESSION USER ID: NOT SET
[09-Jun-2026 14:16:36 Europe/Berlin] SESSION USER ID: NOT SET
[09-Jun-2026 14:16:41 Europe/Berlin] SESSION USER ID: NOT SET
[09-Jun-2026 14:18:49 Europe/Berlin] SESSION USER ID: NOT SET
[09-Jun-2026 14:20:51 Europe/Berlin] SESSION USER ID: NOT SET
[09-Jun-2026 14:27:26 Europe/Berlin] SESSION USER ID: NOT SET
[09-Jun-2026 14:28:36 Europe/Berlin] SESSION USER ID: NOT SET
[09-Jun-2026 14:29:21 Europe/Berlin] SESSION USER ID: NOT SET
[09-Jun-2026 14:30:27 Europe/Berlin] SESSION USER ID: NOT SET
[09-Jun-2026 14:30:41 Europe/Berlin] SESSION USER ID: NOT SET
[09-Jun-2026 14:30:56 Europe/Berlin] SESSION USER ID: NOT SET
[09-Jun-2026 14:33:53 Europe/Berlin] SESSION USER ID: NOT SET
[09-Jun-2026 14:34:24 Europe/Berlin] SESSION USER ID: NOT SET
[09-Jun-2026 14:38:42 Europe/Berlin] SESSION USER ID: NOT SET
[09-Jun-2026 14:39:33 Europe/Berlin] SESSION USER ID: NOT SET
[09-Jun-2026 14:39:51 Europe/Berlin] SESSION USER ID: NOT SET
[09-Jun-2026 14:45:40 Europe/Berlin] SESSION USER ID: NOT SET
[09-Jun-2026 14:47:17 Europe/Berlin] SESSION USER ID: NOT SET
[09-Jun-2026 14:47:38 Europe/Berlin] PHP Notice:  session_start(): Ignoring session_start() because a session is already active in C:\xampp\htdocs\Sites\production\davidschu_new\public\api\comments\approve.php on line 5
[09-Jun-2026 14:47:38 Europe/Berlin] Approve received ID: 34
[09-Jun-2026 14:47:38 Europe/Berlin] APPROVE ID: 34
[09-Jun-2026 14:47:38 Europe/Berlin] APPROVE ID RECEIVED: 34
[09-Jun-2026 14:47:38 Europe/Berlin] EXECUTE RESULT: true
[09-Jun-2026 14:47:38 Europe/Berlin] ROW COUNT: 1
[09-Jun-2026 14:47:41 Europe/Berlin] PHP Notice:  session_start(): Ignoring session_start() because a session is already active in C:\xampp\htdocs\Sites\production\davidschu_new\public\api\comments\approve.php on line 5
[09-Jun-2026 14:47:41 Europe/Berlin] Approve received ID: 34
[09-Jun-2026 14:47:41 Europe/Berlin] APPROVE ID: 34
[09-Jun-2026 14:47:41 Europe/Berlin] APPROVE ID RECEIVED: 34
[09-Jun-2026 14:47:41 Europe/Berlin] EXECUTE RESULT: true
[09-Jun-2026 14:47:41 Europe/Berlin] ROW COUNT: 0
[09-Jun-2026 15:17:44 Europe/Berlin] DB connection failed: SQLSTATE[HY000] [1045] Access denied for user 'schu_web'@'localhost' (using password: YES)
[09-Jun-2026 15:17:44 Europe/Berlin] PHP Fatal error:  Uncaught PDOException: SQLSTATE[HY000] [1045] Access denied for user 'schu_web'@'localhost' (using password: YES) in C:\xampp\htdocs\Sites\production\davidschu_new\app\config\database.php:52
Stack trace:
#0 C:\xampp\htdocs\Sites\production\davidschu_new\app\config\database.php(52): PDO->__construct('mysql:host=127....', 'schu_web', Object(SensitiveParameterValue), Array)
#1 C:\xampp\htdocs\Sites\production\davidschu_new\app\config\bootstrap.php(44): db()
#2 C:\xampp\htdocs\Sites\production\davidschu_new\public\api\auth\me.php(7): require_once('C:\\xampp\\htdocs...')
#3 {main}
  thrown in C:\xampp\htdocs\Sites\production\davidschu_new\app\config\database.php on line 52
[09-Jun-2026 15:17:44 Europe/Berlin] DB connection failed: SQLSTATE[HY000] [1045] Access denied for user 'schu_web'@'localhost' (using password: YES)
[09-Jun-2026 15:17:44 Europe/Berlin] DB connection failed: SQLSTATE[HY000] [1045] Access denied for user 'schu_web'@'localhost' (using password: YES)
[09-Jun-2026 15:17:44 Europe/Berlin] PHP Fatal error:  Uncaught PDOException: SQLSTATE[HY000] [1045] Access denied for user 'schu_web'@'localhost' (using password: YES) in C:\xampp\htdocs\Sites\production\davidschu_new\app\config\database.php:52
Stack trace:
#0 C:\xampp\htdocs\Sites\production\davidschu_new\app\config\database.php(52): PDO->__construct('mysql:host=127....', 'schu_web', Object(SensitiveParameterValue), Array)
#1 C:\xampp\htdocs\Sites\production\davidschu_new\app\config\bootstrap.php(44): db()
#2 C:\xampp\htdocs\Sites\production\davidschu_new\public\api\home-images.php(5): require_once('C:\\xampp\\htdocs...')
#3 {main}
  thrown in C:\xampp\htdocs\Sites\production\davidschu_new\app\config\database.php on line 52
[09-Jun-2026 15:17:44 Europe/Berlin] DB connection failed: SQLSTATE[HY000] [1045] Access denied for user 'schu_web'@'localhost' (using password: YES)
[09-Jun-2026 15:17:44 Europe/Berlin] PHP Fatal error:  Uncaught PDOException: SQLSTATE[HY000] [1045] Access denied for user 'schu_web'@'localhost' (using password: YES) in C:\xampp\htdocs\Sites\production\davidschu_new\app\config\database.php:52
Stack trace:
#0 C:\xampp\htdocs\Sites\production\davidschu_new\app\config\database.php(52): PDO->__construct('mysql:host=127....', 'schu_web', Object(SensitiveParameterValue), Array)
#1 C:\xampp\htdocs\Sites\production\davidschu_new\app\config\bootstrap.php(44): db()
#2 C:\xampp\htdocs\Sites\production\davidschu_new\public\api\auth\me.php(7): require_once('C:\\xampp\\htdocs...')
#3 {main}
  thrown in C:\xampp\htdocs\Sites\production\davidschu_new\app\config\database.php on line 52
[09-Jun-2026 15:17:44 Europe/Berlin] PHP Fatal error:  Uncaught PDOException: SQLSTATE[HY000] [1045] Access denied for user 'schu_web'@'localhost' (using password: YES) in C:\xampp\htdocs\Sites\production\davidschu_new\app\config\database.php:52
Stack trace:
#0 C:\xampp\htdocs\Sites\production\davidschu_new\app\config\database.php(52): PDO->__construct('mysql:host=127....', 'schu_web', Object(SensitiveParameterValue), Array)
#1 C:\xampp\htdocs\Sites\production\davidschu_new\app\config\bootstrap.php(44): db()
#2 C:\xampp\htdocs\Sites\production\davidschu_new\public\api\home-images.php(5): require_once('C:\\xampp\\htdocs...')
#3 {main}
  thrown in C:\xampp\htdocs\Sites\production\davidschu_new\app\config\database.php on line 52
[09-Jun-2026 15:18:05 Europe/Berlin] DB connection failed: SQLSTATE[HY000] [1045] Access denied for user 'schu_web'@'localhost' (using password: YES)
[09-Jun-2026 15:18:05 Europe/Berlin] PHP Fatal error:  Uncaught PDOException: SQLSTATE[HY000] [1045] Access denied for user 'schu_web'@'localhost' (using password: YES) in C:\xampp\htdocs\Sites\production\davidschu_new\app\config\database.php:52
Stack trace:
#0 C:\xampp\htdocs\Sites\production\davidschu_new\app\config\database.php(52): PDO->__construct('mysql:host=127....', 'schu_web', Object(SensitiveParameterValue), Array)
#1 C:\xampp\htdocs\Sites\production\davidschu_new\app\config\bootstrap.php(44): db()
#2 C:\xampp\htdocs\Sites\production\davidschu_new\public\api\auth\me.php(7): require_once('C:\\xampp\\htdocs...')
#3 {main}
  thrown in C:\xampp\htdocs\Sites\production\davidschu_new\app\config\database.php on line 52
[09-Jun-2026 15:18:05 Europe/Berlin] DB connection failed: SQLSTATE[HY000] [1045] Access denied for user 'schu_web'@'localhost' (using password: YES)
[09-Jun-2026 15:18:05 Europe/Berlin] PHP Fatal error:  Uncaught PDOException: SQLSTATE[HY000] [1045] Access denied for user 'schu_web'@'localhost' (using password: YES) in C:\xampp\htdocs\Sites\production\davidschu_new\app\config\database.php:52
Stack trace:
#0 C:\xampp\htdocs\Sites\production\davidschu_new\app\config\database.php(52): PDO->__construct('mysql:host=127....', 'schu_web', Object(SensitiveParameterValue), Array)
#1 C:\xampp\htdocs\Sites\production\davidschu_new\app\config\bootstrap.php(44): db()
#2 C:\xampp\htdocs\Sites\production\davidschu_new\public\api\auth\me.php(7): require_once('C:\\xampp\\htdocs...')
#3 {main}
  thrown in C:\xampp\htdocs\Sites\production\davidschu_new\app\config\database.php on line 52
[09-Jun-2026 15:18:05 Europe/Berlin] DB connection failed: SQLSTATE[HY000] [1045] Access denied for user 'schu_web'@'localhost' (using password: YES)
[09-Jun-2026 15:18:05 Europe/Berlin] DB connection failed: SQLSTATE[HY000] [1045] Access denied for user 'schu_web'@'localhost' (using password: YES)
[09-Jun-2026 15:18:05 Europe/Berlin] PHP Fatal error:  Uncaught PDOException: SQLSTATE[HY000] [1045] Access denied for user 'schu_web'@'localhost' (using password: YES) in C:\xampp\htdocs\Sites\production\davidschu_new\app\config\database.php:52
Stack trace:
#0 C:\xampp\htdocs\Sites\production\davidschu_new\app\config\database.php(52): PDO->__construct('mysql:host=127....', 'schu_web', Object(SensitiveParameterValue), Array)
#1 C:\xampp\htdocs\Sites\production\davidschu_new\app\config\bootstrap.php(44): db()
#2 C:\xampp\htdocs\Sites\production\davidschu_new\public\api\home-images.php(5): require_once('C:\\xampp\\htdocs...')
#3 {main}
  thrown in C:\xampp\htdocs\Sites\production\davidschu_new\app\config\database.php on line 52
[09-Jun-2026 15:18:05 Europe/Berlin] PHP Fatal error:  Uncaught PDOException: SQLSTATE[HY000] [1045] Access denied for user 'schu_web'@'localhost' (using password: YES) in C:\xampp\htdocs\Sites\production\davidschu_new\app\config\database.php:52
Stack trace:
#0 C:\xampp\htdocs\Sites\production\davidschu_new\app\config\database.php(52): PDO->__construct('mysql:host=127....', 'schu_web', Object(SensitiveParameterValue), Array)
#1 C:\xampp\htdocs\Sites\production\davidschu_new\app\config\bootstrap.php(44): db()
#2 C:\xampp\htdocs\Sites\production\davidschu_new\public\api\home-images.php(5): require_once('C:\\xampp\\htdocs...')
#3 {main}
  thrown in C:\xampp\htdocs\Sites\production\davidschu_new\app\config\database.php on line 52
[09-Jun-2026 15:18:21 Europe/Berlin] DB connection failed: SQLSTATE[HY000] [1045] Access denied for user 'schu_web'@'localhost' (using password: YES)
[09-Jun-2026 15:18:21 Europe/Berlin] PHP Fatal error:  Uncaught PDOException: SQLSTATE[HY000] [1045] Access denied for user 'schu_web'@'localhost' (using password: YES) in C:\xampp\htdocs\Sites\production\davidschu_new\app\config\database.php:52
Stack trace:
#0 C:\xampp\htdocs\Sites\production\davidschu_new\app\config\database.php(52): PDO->__construct('mysql:host=127....', 'schu_web', Object(SensitiveParameterValue), Array)
#1 C:\xampp\htdocs\Sites\production\davidschu_new\app\config\bootstrap.php(44): db()
#2 C:\xampp\htdocs\Sites\production\davidschu_new\public\api\auth\me.php(7): require_once('C:\\xampp\\htdocs...')
#3 {main}
  thrown in C:\xampp\htdocs\Sites\production\davidschu_new\app\config\database.php on line 52
[09-Jun-2026 15:18:21 Europe/Berlin] DB connection failed: SQLSTATE[HY000] [1045] Access denied for user 'schu_web'@'localhost' (using password: YES)
[09-Jun-2026 15:18:21 Europe/Berlin] DB connection failed: SQLSTATE[HY000] [1045] Access denied for user 'schu_web'@'localhost' (using password: YES)
[09-Jun-2026 15:18:21 Europe/Berlin] PHP Fatal error:  Uncaught PDOException: SQLSTATE[HY000] [1045] Access denied for user 'schu_web'@'localhost' (using password: YES) in C:\xampp\htdocs\Sites\production\davidschu_new\app\config\database.php:52
Stack trace:
#0 C:\xampp\htdocs\Sites\production\davidschu_new\app\config\database.php(52): PDO->__construct('mysql:host=127....', 'schu_web', Object(SensitiveParameterValue), Array)
#1 C:\xampp\htdocs\Sites\production\davidschu_new\app\config\bootstrap.php(44): db()
#2 C:\xampp\htdocs\Sites\production\davidschu_new\public\api\auth\me.php(7): require_once('C:\\xampp\\htdocs...')
#3 {main}
  thrown in C:\xampp\htdocs\Sites\production\davidschu_new\app\config\database.php on line 52
[09-Jun-2026 15:18:21 Europe/Berlin] DB connection failed: SQLSTATE[HY000] [1045] Access denied for user 'schu_web'@'localhost' (using password: YES)
[09-Jun-2026 15:18:21 Europe/Berlin] PHP Fatal error:  Uncaught PDOException: SQLSTATE[HY000] [1045] Access denied for user 'schu_web'@'localhost' (using password: YES) in C:\xampp\htdocs\Sites\production\davidschu_new\app\config\database.php:52
Stack trace:
#0 C:\xampp\htdocs\Sites\production\davidschu_new\app\config\database.php(52): PDO->__construct('mysql:host=127....', 'schu_web', Object(SensitiveParameterValue), Array)
#1 C:\xampp\htdocs\Sites\production\davidschu_new\app\config\bootstrap.php(44): db()
#2 C:\xampp\htdocs\Sites\production\davidschu_new\public\api\home-images.php(5): require_once('C:\\xampp\\htdocs...')
#3 {main}
  thrown in C:\xampp\htdocs\Sites\production\davidschu_new\app\config\database.php on line 52
[09-Jun-2026 15:18:21 Europe/Berlin] PHP Fatal error:  Uncaught PDOException: SQLSTATE[HY000] [1045] Access denied for user 'schu_web'@'localhost' (using password: YES) in C:\xampp\htdocs\Sites\production\davidschu_new\app\config\database.php:52
Stack trace:
#0 C:\xampp\htdocs\Sites\production\davidschu_new\app\config\database.php(52): PDO->__construct('mysql:host=127....', 'schu_web', Object(SensitiveParameterValue), Array)
#1 C:\xampp\htdocs\Sites\production\davidschu_new\app\config\bootstrap.php(44): db()
#2 C:\xampp\htdocs\Sites\production\davidschu_new\public\api\home-images.php(5): require_once('C:\\xampp\\htdocs...')
#3 {main}
  thrown in C:\xampp\htdocs\Sites\production\davidschu_new\app\config\database.php on line 52
[09-Jun-2026 15:19:37 Europe/Berlin] SESSION USER ID: NOT SET
[09-Jun-2026 15:19:48 Europe/Berlin] SESSION USER ID: NOT SET
[09-Jun-2026 15:20:07 Europe/Berlin] PHP Notice:  session_start(): Ignoring session_start() because a session is already active in C:\xampp\htdocs\Sites\production\davidschu_new\public\api\comments\spam.php on line 6
[09-Jun-2026 15:27:23 Europe/Berlin] SESSION USER ID: NOT SET
[09-Jun-2026 15:28:29 Europe/Berlin] SESSION USER ID: NOT SET
[09-Jun-2026 15:31:15 Europe/Berlin] SESSION USER ID: NOT SET
[09-Jun-2026 15:31:52 Europe/Berlin] SESSION USER ID: NOT SET
[09-Jun-2026 15:33:36 Europe/Berlin] SESSION USER ID: NOT SET
[09-Jun-2026 15:34:24 Europe/Berlin] SESSION USER ID: NOT SET
