[19-Jun-2026 15:02:04 Europe/Berlin] SESSION CONTENT:
[19-Jun-2026 15:02:04 Europe/Berlin] Array
(
    [user] => Array
        (
            [id] => 6
            [email] => holly.schu14@gmail.com
            [first_name] => Holly
            [last_name] => Schu
            [role] => admin
        )

)

[19-Jun-2026 15:02:05 Europe/Berlin] SESSION CONTENT:
[19-Jun-2026 15:02:05 Europe/Berlin] Array
(
    [user] => Array
        (
            [id] => 6
            [email] => holly.schu14@gmail.com
            [first_name] => Holly
            [last_name] => Schu
            [role] => admin
        )

)

[19-Jun-2026 15:02:55 Europe/Berlin] SESSION CONTENT LOGIN:
[19-Jun-2026 15:02:55 Europe/Berlin] Array
(
)

[19-Jun-2026 15:20:14 Europe/Berlin] SESSION CONTENT:
[19-Jun-2026 15:20:14 Europe/Berlin] Array
(
    [user] => Array
        (
            [id] => 6
            [email] => holly.schu14@gmail.com
            [first_name] => Holly
            [last_name] => Schu
            [role] => admin
        )

)

[19-Jun-2026 15:20:14 Europe/Berlin] SESSION CONTENT:
[19-Jun-2026 15:20:14 Europe/Berlin] Array
(
    [user] => Array
        (
            [id] => 6
            [email] => holly.schu14@gmail.com
            [first_name] => Holly
            [last_name] => Schu
            [role] => admin
        )

)

[19-Jun-2026 15:30:54 Europe/Berlin] SESSION CONTENT:
[19-Jun-2026 15:30:54 Europe/Berlin] Array
(
    [user] => Array
        (
            [id] => 6
            [email] => holly.schu14@gmail.com
            [first_name] => Holly
            [last_name] => Schu
            [role] => admin
        )

)

[19-Jun-2026 15:30:54 Europe/Berlin] SESSION CONTENT:
[19-Jun-2026 15:30:54 Europe/Berlin] Array
(
    [user] => Array
        (
            [id] => 6
            [email] => holly.schu14@gmail.com
            [first_name] => Holly
            [last_name] => Schu
            [role] => admin
        )

)

[19-Jun-2026 15:37:14 Europe/Berlin] SESSION CONTENT:
[19-Jun-2026 15:37:14 Europe/Berlin] Array
(
    [user] => Array
        (
            [id] => 6
            [email] => holly.schu14@gmail.com
            [first_name] => Holly
            [last_name] => Schu
            [role] => admin
        )

)

[19-Jun-2026 15:37:15 Europe/Berlin] SESSION CONTENT:
[19-Jun-2026 15:37:15 Europe/Berlin] Array
(
    [user] => Array
        (
            [id] => 6
            [email] => holly.schu14@gmail.com
            [first_name] => Holly
            [last_name] => Schu
            [role] => admin
        )

)

[19-Jun-2026 15:40:10 Europe/Berlin] SESSION CONTENT:
[19-Jun-2026 15:40:10 Europe/Berlin] Array
(
    [user] => Array
        (
            [id] => 6
            [email] => holly.schu14@gmail.com
            [first_name] => Holly
            [last_name] => Schu
            [role] => admin
        )

)

[19-Jun-2026 15:40:10 Europe/Berlin] SESSION CONTENT:
[19-Jun-2026 15:40:10 Europe/Berlin] Array
(
    [user] => Array
        (
            [id] => 6
            [email] => holly.schu14@gmail.com
            [first_name] => Holly
            [last_name] => Schu
            [role] => admin
        )

)

[19-Jun-2026 15:41:12 Europe/Berlin] SESSION CONTENT:
[19-Jun-2026 15:41:12 Europe/Berlin] Array
(
    [user] => Array
        (
            [id] => 6
            [email] => holly.schu14@gmail.com
            [first_name] => Holly
            [last_name] => Schu
            [role] => admin
        )

)

[19-Jun-2026 15:41:12 Europe/Berlin] SESSION CONTENT:
[19-Jun-2026 15:41:12 Europe/Berlin] Array
(
    [user] => Array
        (
            [id] => 6
            [email] => holly.schu14@gmail.com
            [first_name] => Holly
            [last_name] => Schu
            [role] => admin
        )

)

[19-Jun-2026 15:41:32 Europe/Berlin] SESSION CONTENT:
[19-Jun-2026 15:41:32 Europe/Berlin] Array
(
    [user] => Array
        (
            [id] => 6
            [email] => holly.schu14@gmail.com
            [first_name] => Holly
            [last_name] => Schu
            [role] => admin
        )

)

[19-Jun-2026 15:41:32 Europe/Berlin] SESSION CONTENT:
[19-Jun-2026 15:41:32 Europe/Berlin] Array
(
    [user] => Array
        (
            [id] => 6
            [email] => holly.schu14@gmail.com
            [first_name] => Holly
            [last_name] => Schu
            [role] => admin
        )

)

[19-Jun-2026 15:46:05 Europe/Berlin] SESSION CONTENT:
[19-Jun-2026 15:46:05 Europe/Berlin] Array
(
    [user] => Array
        (
            [id] => 6
            [email] => holly.schu14@gmail.com
            [first_name] => Holly
            [last_name] => Schu
            [role] => admin
        )

)

[19-Jun-2026 15:46:05 Europe/Berlin] SESSION CONTENT:
[19-Jun-2026 15:46:05 Europe/Berlin] Array
(
    [user] => Array
        (
            [id] => 6
            [email] => holly.schu14@gmail.com
            [first_name] => Holly
            [last_name] => Schu
            [role] => admin
        )

)

[19-Jun-2026 15:46:16 Europe/Berlin] SESSION CONTENT:
[19-Jun-2026 15:46:16 Europe/Berlin] Array
(
    [user] => Array
        (
            [id] => 6
            [email] => holly.schu14@gmail.com
            [first_name] => Holly
            [last_name] => Schu
            [role] => admin
        )

)

[19-Jun-2026 15:46:16 Europe/Berlin] SESSION CONTENT:
[19-Jun-2026 15:46:16 Europe/Berlin] Array
(
    [user] => Array
        (
            [id] => 6
            [email] => holly.schu14@gmail.com
            [first_name] => Holly
            [last_name] => Schu
            [role] => admin
        )

)

[19-Jun-2026 15:46:21 Europe/Berlin] SESSION CONTENT:
[19-Jun-2026 15:46:21 Europe/Berlin] Array
(
    [user] => Array
        (
            [id] => 6
            [email] => holly.schu14@gmail.com
            [first_name] => Holly
            [last_name] => Schu
            [role] => admin
        )

)

[19-Jun-2026 15:46:21 Europe/Berlin] SESSION CONTENT:
[19-Jun-2026 15:46:21 Europe/Berlin] Array
(
    [user] => Array
        (
            [id] => 6
            [email] => holly.schu14@gmail.com
            [first_name] => Holly
            [last_name] => Schu
            [role] => admin
        )

)

